[2022-07-04 22:56:54] [info] Get Vaccine by filter - Start Time: Mon Jul 04 2022 22:56:54 GMT+0700 (Indochina Time)
[2022-07-04 22:56:55] [info] Get Vaccine by filter - End Time: Mon Jul 04 2022 22:56:55 GMT+0700 (Indochina Time)
[2022-07-04 22:56:55] [info] Get Vaccine by filter - Time Binding: 1143ms
[2022-07-05 19:07:37] [info] Get Vaccine by filter - Start Time: Tue Jul 05 2022 19:07:37 GMT+0700 (Indochina Time)
[2022-07-05 19:07:39] [info] Get Vaccine by filter - End Time: Tue Jul 05 2022 19:07:39 GMT+0700 (Indochina Time)
[2022-07-05 19:07:39] [info] Get Vaccine by filter - Time Binding: 1824ms
[2022-07-05 19:07:43] [info] Get Vaccine by filter - Start Time: Tue Jul 05 2022 19:07:43 GMT+0700 (Indochina Time)
[2022-07-05 19:07:45] [info] Get Vaccine by filter - End Time: Tue Jul 05 2022 19:07:45 GMT+0700 (Indochina Time)
[2022-07-05 19:07:45] [info] Get Vaccine by filter - Time Binding: 1590ms
[2022-07-05 19:15:09] [info] Get Vaccine by filter - Start Time: Tue Jul 05 2022 19:15:09 GMT+0700 (Indochina Time)
[2022-07-05 19:15:10] [info] Get Vaccine by filter - End Time: Tue Jul 05 2022 19:15:10 GMT+0700 (Indochina Time)
[2022-07-05 19:15:10] [info] Get Vaccine by filter - Time Binding: 1569ms
[2022-07-05 19:16:33] [info] Get Vaccine by filter - Start Time: Tue Jul 05 2022 19:16:33 GMT+0700 (Indochina Time)
[2022-07-05 19:16:35] [info] Get Vaccine by filter - End Time: Tue Jul 05 2022 19:16:35 GMT+0700 (Indochina Time)
[2022-07-05 19:16:35] [info] Get Vaccine by filter - Time Binding: 1565ms
[2022-07-05 19:17:29] [info] Get Vaccine by filter - Start Time: Tue Jul 05 2022 19:17:29 GMT+0700 (Indochina Time)
[2022-07-05 19:17:31] [info] Get Vaccine by filter - End Time: Tue Jul 05 2022 19:17:31 GMT+0700 (Indochina Time)
[2022-07-05 19:17:31] [info] Get Vaccine by filter - Time Binding: 1920ms
[2022-07-05 19:20:15] [info] Get Vaccine by filter - Start Time: Tue Jul 05 2022 19:20:15 GMT+0700 (Indochina Time)
[2022-07-05 19:20:17] [info] Get Vaccine by filter - End Time: Tue Jul 05 2022 19:20:17 GMT+0700 (Indochina Time)
[2022-07-05 19:20:17] [info] Get Vaccine by filter - Time Binding: 2100ms
[2022-07-05 19:22:01] [info] Get Vaccine by filter - Start Time: Tue Jul 05 2022 19:22:01 GMT+0700 (Indochina Time)
[2022-07-05 19:22:04] [info] Get Vaccine by filter - End Time: Tue Jul 05 2022 19:22:04 GMT+0700 (Indochina Time)
[2022-07-05 19:22:04] [info] Get Vaccine by filter - Time Binding: 2094ms
[2022-07-05 19:22:09] [info] Get Vaccine by filter - Start Time: Tue Jul 05 2022 19:22:09 GMT+0700 (Indochina Time)
[2022-07-05 19:22:11] [info] Get Vaccine by filter - End Time: Tue Jul 05 2022 19:22:11 GMT+0700 (Indochina Time)
[2022-07-05 19:22:11] [info] Get Vaccine by filter - Time Binding: 2129ms
[2022-07-05 19:24:06] [info] Get Vaccine by filter - Start Time: Tue Jul 05 2022 19:24:06 GMT+0700 (Indochina Time)
[2022-07-05 19:24:08] [info] Get Vaccine by filter - End Time: Tue Jul 05 2022 19:24:08 GMT+0700 (Indochina Time)
[2022-07-05 19:24:08] [info] Get Vaccine by filter - Time Binding: 2048ms
[2022-07-05 19:25:50] [info] Get Vaccine by filter - Start Time: Tue Jul 05 2022 19:25:50 GMT+0700 (Indochina Time)
[2022-07-05 19:25:52] [info] Get Vaccine by filter - End Time: Tue Jul 05 2022 19:25:52 GMT+0700 (Indochina Time)
[2022-07-05 19:25:52] [info] Get Vaccine by filter - Time Binding: 2075ms
[2022-07-05 19:27:50] [info] Get Vaccine by Id - Start Time: Tue Jul 05 2022 19:27:50 GMT+0700 (Indochina Time)
[2022-07-05 19:28:15] [info] Get Vaccine by Id - Start Time: Tue Jul 05 2022 19:28:15 GMT+0700 (Indochina Time)
[2022-07-05 19:29:13] [info] Get Vaccine by Id - Start Time: Tue Jul 05 2022 19:29:13 GMT+0700 (Indochina Time)
[2022-07-05 19:29:20] [info] Get Vaccine by Id - Start Time: Tue Jul 05 2022 19:29:20 GMT+0700 (Indochina Time)
[2022-07-05 19:30:13] [info] Get Vaccine by Id - Start Time: Tue Jul 05 2022 19:30:13 GMT+0700 (Indochina Time)
[2022-07-05 19:30:19] [info] Get Vaccine by Id - Start Time: Tue Jul 05 2022 19:30:19 GMT+0700 (Indochina Time)
[2022-07-05 19:30:47] [info] Get Vaccine by Id - Start Time: Tue Jul 05 2022 19:30:47 GMT+0700 (Indochina Time)
[2022-07-05 19:31:22] [info] Get Vaccine by Id - Start Time: Tue Jul 05 2022 19:31:22 GMT+0700 (Indochina Time)
[2022-07-05 19:31:31] [info] Get Vaccine by Id - Start Time: Tue Jul 05 2022 19:31:31 GMT+0700 (Indochina Time)
[2022-07-05 19:31:37] [info] Get Vaccine by Id - Start Time: Tue Jul 05 2022 19:31:37 GMT+0700 (Indochina Time)
[2022-07-05 19:32:25] [info] Get Vaccine by Id - Start Time: Tue Jul 05 2022 19:32:25 GMT+0700 (Indochina Time)
[2022-07-05 19:32:50] [info] Get Vaccine by filter - Start Time: Tue Jul 05 2022 19:32:50 GMT+0700 (Indochina Time)
[2022-07-05 19:32:55] [info] Get Vaccine by filter - End Time: Tue Jul 05 2022 19:32:55 GMT+0700 (Indochina Time)
[2022-07-05 19:32:55] [info] Get Vaccine by filter - Time Binding: 5159ms
[2022-07-05 19:37:31] [info] Get Vaccine by filter - Start Time: Tue Jul 05 2022 19:37:31 GMT+0700 (Indochina Time)
[2022-07-05 19:37:31] [info] Get Vaccine by filter - End Time: Tue Jul 05 2022 19:37:31 GMT+0700 (Indochina Time)
[2022-07-05 19:37:31] [info] Get Vaccine by filter - Time Binding: 535ms
[2022-07-05 19:37:32] [info] Get Vaccine by Id - Start Time: Tue Jul 05 2022 19:37:32 GMT+0700 (Indochina Time)
[2022-07-05 19:37:34] [info] Get Vaccine by Id - Start Time: Tue Jul 05 2022 19:37:34 GMT+0700 (Indochina Time)
[2022-07-05 19:37:41] [info] Get Vaccine by Id - Start Time: Tue Jul 05 2022 19:37:41 GMT+0700 (Indochina Time)
[2022-07-05 19:38:17] [info] Get Vaccine by Id - Start Time: Tue Jul 05 2022 19:38:17 GMT+0700 (Indochina Time)
[2022-07-05 19:38:42] [info] Get Vaccine by Id - Start Time: Tue Jul 05 2022 19:38:42 GMT+0700 (Indochina Time)
[2022-07-05 19:39:30] [info] Get Vaccine by Id - Start Time: Tue Jul 05 2022 19:39:30 GMT+0700 (Indochina Time)
[2022-07-05 19:41:11] [info] Get Vaccine by filter - Start Time: Tue Jul 05 2022 19:41:11 GMT+0700 (Indochina Time)
[2022-07-05 19:41:12] [info] Get Vaccine by filter - End Time: Tue Jul 05 2022 19:41:12 GMT+0700 (Indochina Time)
[2022-07-05 19:41:12] [info] Get Vaccine by filter - Time Binding: 760ms
[2022-07-05 19:43:26] [info] Get Vaccine by Id - Start Time: Tue Jul 05 2022 19:43:26 GMT+0700 (Indochina Time)
[2022-07-05 19:43:30] [info] Get Vaccine by filter - Start Time: Tue Jul 05 2022 19:43:30 GMT+0700 (Indochina Time)
[2022-07-05 19:43:32] [info] Get Vaccine by filter - End Time: Tue Jul 05 2022 19:43:32 GMT+0700 (Indochina Time)
[2022-07-05 19:43:32] [info] Get Vaccine by filter - Time Binding: 2052ms
[2022-07-05 19:43:48] [info] Get Vaccine by filter - Start Time: Tue Jul 05 2022 19:43:48 GMT+0700 (Indochina Time)
[2022-07-05 19:43:50] [info] Get Vaccine by filter - End Time: Tue Jul 05 2022 19:43:50 GMT+0700 (Indochina Time)
[2022-07-05 19:43:50] [info] Get Vaccine by filter - Time Binding: 2024ms
[2022-07-05 19:46:29] [info] Get Vaccine by filter - Start Time: Tue Jul 05 2022 19:46:29 GMT+0700 (Indochina Time)
[2022-07-05 19:46:31] [info] Get Vaccine by filter - End Time: Tue Jul 05 2022 19:46:31 GMT+0700 (Indochina Time)
[2022-07-05 19:46:31] [info] Get Vaccine by filter - Time Binding: 2032ms
[2022-07-05 19:48:55] [info] Get Vaccine by filter - Start Time: Tue Jul 05 2022 19:48:55 GMT+0700 (Indochina Time)
[2022-07-05 19:48:57] [info] Get Vaccine by filter - End Time: Tue Jul 05 2022 19:48:57 GMT+0700 (Indochina Time)
[2022-07-05 19:48:57] [info] Get Vaccine by filter - Time Binding: 2074ms
[2022-07-05 20:41:25] [info] Get Vaccine by filter - Start Time: Tue Jul 05 2022 20:41:25 GMT+0700 (Indochina Time)
[2022-07-05 20:41:27] [info] Get Vaccine by filter - End Time: Tue Jul 05 2022 20:41:27 GMT+0700 (Indochina Time)
[2022-07-05 20:41:27] [info] Get Vaccine by filter - Time Binding: 2016ms
[2022-07-05 20:43:06] [info] Get Vaccine by filter - Start Time: Tue Jul 05 2022 20:43:06 GMT+0700 (Indochina Time)
[2022-07-05 20:43:08] [info] Get Vaccine by filter - End Time: Tue Jul 05 2022 20:43:08 GMT+0700 (Indochina Time)
[2022-07-05 20:43:08] [info] Get Vaccine by filter - Time Binding: 1980ms
[2022-07-05 20:43:48] [info] Get Vaccine by filter - Start Time: Tue Jul 05 2022 20:43:48 GMT+0700 (Indochina Time)
[2022-07-05 20:43:50] [info] Get Vaccine by filter - End Time: Tue Jul 05 2022 20:43:50 GMT+0700 (Indochina Time)
[2022-07-05 20:43:50] [info] Get Vaccine by filter - Time Binding: 2053ms
[2022-07-05 20:44:22] [info] Get Vaccine by filter - Start Time: Tue Jul 05 2022 20:44:22 GMT+0700 (Indochina Time)
[2022-07-05 20:44:23] [info] Get Vaccine by filter - End Time: Tue Jul 05 2022 20:44:23 GMT+0700 (Indochina Time)
[2022-07-05 20:44:23] [info] Get Vaccine by filter - Time Binding: 1510ms
[2022-07-05 21:02:09] [info] Get Vaccine by filter - Start Time: Tue Jul 05 2022 21:02:09 GMT+0700 (Indochina Time)
[2022-07-05 21:02:11] [info] Get Vaccine by filter - End Time: Tue Jul 05 2022 21:02:11 GMT+0700 (Indochina Time)
[2022-07-05 21:02:11] [info] Get Vaccine by filter - Time Binding: 1587ms
[2022-07-05 21:02:13] [info] Get Vaccine by filter - Start Time: Tue Jul 05 2022 21:02:13 GMT+0700 (Indochina Time)
[2022-07-05 21:02:15] [info] Get Vaccine by filter - End Time: Tue Jul 05 2022 21:02:15 GMT+0700 (Indochina Time)
[2022-07-05 21:02:15] [info] Get Vaccine by filter - Time Binding: 1827ms
[2022-07-05 21:03:01] [info] Get Vaccine by filter - Start Time: Tue Jul 05 2022 21:03:01 GMT+0700 (Indochina Time)
[2022-07-05 21:03:03] [info] Get Vaccine by filter - End Time: Tue Jul 05 2022 21:03:03 GMT+0700 (Indochina Time)
[2022-07-05 21:03:03] [info] Get Vaccine by filter - Time Binding: 1555ms
[2022-07-05 21:03:08] [info] Get Vaccine by filter - Start Time: Tue Jul 05 2022 21:03:08 GMT+0700 (Indochina Time)
[2022-07-05 21:03:10] [info] Get Vaccine by filter - End Time: Tue Jul 05 2022 21:03:10 GMT+0700 (Indochina Time)
[2022-07-05 21:03:10] [info] Get Vaccine by filter - Time Binding: 1888ms
[2022-07-05 21:04:17] [info] Get Vaccine by filter - Start Time: Tue Jul 05 2022 21:04:17 GMT+0700 (Indochina Time)
[2022-07-05 21:04:19] [info] Get Vaccine by filter - End Time: Tue Jul 05 2022 21:04:19 GMT+0700 (Indochina Time)
[2022-07-05 21:04:19] [info] Get Vaccine by filter - Time Binding: 1513ms
[2022-07-05 21:05:16] [info] Get Vaccine by filter - Start Time: Tue Jul 05 2022 21:05:16 GMT+0700 (Indochina Time)
[2022-07-05 21:05:17] [info] Get Vaccine by filter - End Time: Tue Jul 05 2022 21:05:17 GMT+0700 (Indochina Time)
[2022-07-05 21:05:17] [info] Get Vaccine by filter - Time Binding: 1737ms
[2022-07-05 21:05:49] [info] Get Vaccine by filter - Start Time: Tue Jul 05 2022 21:05:49 GMT+0700 (Indochina Time)
[2022-07-05 21:05:50] [info] Get Vaccine by filter - End Time: Tue Jul 05 2022 21:05:50 GMT+0700 (Indochina Time)
[2022-07-05 21:05:50] [info] Get Vaccine by filter - Time Binding: 1502ms
[2022-07-05 21:06:15] [info] Get Vaccine by filter - Start Time: Tue Jul 05 2022 21:06:15 GMT+0700 (Indochina Time)
[2022-07-05 21:06:17] [info] Get Vaccine by filter - End Time: Tue Jul 05 2022 21:06:17 GMT+0700 (Indochina Time)
[2022-07-05 21:06:17] [info] Get Vaccine by filter - Time Binding: 1711ms
[2022-07-05 21:07:31] [info] Get Vaccine by filter - Start Time: Tue Jul 05 2022 21:07:31 GMT+0700 (Indochina Time)
[2022-07-05 21:07:33] [info] Get Vaccine by filter - End Time: Tue Jul 05 2022 21:07:33 GMT+0700 (Indochina Time)
[2022-07-05 21:07:33] [info] Get Vaccine by filter - Time Binding: 1492ms
[2022-07-05 21:10:09] [info] Get Vaccine by filter - Start Time: Tue Jul 05 2022 21:10:09 GMT+0700 (Indochina Time)
[2022-07-05 21:10:10] [info] Get Vaccine by filter - End Time: Tue Jul 05 2022 21:10:10 GMT+0700 (Indochina Time)
[2022-07-05 21:10:10] [info] Get Vaccine by filter - Time Binding: 1725ms
[2022-07-05 21:10:32] [info] Get Vaccine by filter - Start Time: Tue Jul 05 2022 21:10:32 GMT+0700 (Indochina Time)
[2022-07-05 21:10:33] [info] Get Vaccine by filter - End Time: Tue Jul 05 2022 21:10:33 GMT+0700 (Indochina Time)
[2022-07-05 21:10:33] [info] Get Vaccine by filter - Time Binding: 1488ms
[2022-07-05 21:11:29] [info] Get Vaccine by filter - Start Time: Tue Jul 05 2022 21:11:29 GMT+0700 (Indochina Time)
[2022-07-05 21:11:30] [info] Get Vaccine by filter - End Time: Tue Jul 05 2022 21:11:30 GMT+0700 (Indochina Time)
[2022-07-05 21:11:30] [info] Get Vaccine by filter - Time Binding: 1732ms
[2022-07-05 21:11:44] [info] Get Vaccine by filter - Start Time: Tue Jul 05 2022 21:11:44 GMT+0700 (Indochina Time)
[2022-07-05 21:11:46] [info] Get Vaccine by filter - End Time: Tue Jul 05 2022 21:11:46 GMT+0700 (Indochina Time)
[2022-07-05 21:11:46] [info] Get Vaccine by filter - Time Binding: 1478ms
[2022-07-05 21:16:05] [info] Get Vaccine by filter - Start Time: Tue Jul 05 2022 21:16:05 GMT+0700 (Indochina Time)
[2022-07-05 21:16:06] [info] Get Vaccine by filter - End Time: Tue Jul 05 2022 21:16:06 GMT+0700 (Indochina Time)
[2022-07-05 21:16:06] [info] Get Vaccine by filter - Time Binding: 1736ms
[2022-07-05 21:17:31] [info] Get Vaccine by filter - Start Time: Tue Jul 05 2022 21:17:31 GMT+0700 (Indochina Time)
[2022-07-05 21:17:32] [info] Get Vaccine by filter - End Time: Tue Jul 05 2022 21:17:32 GMT+0700 (Indochina Time)
[2022-07-05 21:17:32] [info] Get Vaccine by filter - Time Binding: 1487ms
[2022-07-05 21:17:52] [info] Get Vaccine by filter - Start Time: Tue Jul 05 2022 21:17:52 GMT+0700 (Indochina Time)
[2022-07-05 21:17:53] [info] Get Vaccine by filter - End Time: Tue Jul 05 2022 21:17:53 GMT+0700 (Indochina Time)
[2022-07-05 21:17:53] [info] Get Vaccine by filter - Time Binding: 1767ms
[2022-07-05 21:18:46] [info] Get Vaccine by filter - Start Time: Tue Jul 05 2022 21:18:46 GMT+0700 (Indochina Time)
[2022-07-05 21:18:47] [info] Get Vaccine by filter - End Time: Tue Jul 05 2022 21:18:47 GMT+0700 (Indochina Time)
[2022-07-05 21:18:47] [info] Get Vaccine by filter - Time Binding: 1474ms
[2022-07-05 21:18:57] [info] Get Vaccine by filter - Start Time: Tue Jul 05 2022 21:18:57 GMT+0700 (Indochina Time)
[2022-07-05 21:18:59] [info] Get Vaccine by filter - End Time: Tue Jul 05 2022 21:18:59 GMT+0700 (Indochina Time)
[2022-07-05 21:18:59] [info] Get Vaccine by filter - Time Binding: 1737ms
[2022-07-05 21:20:26] [info] Get Vaccine by filter - Start Time: Tue Jul 05 2022 21:20:26 GMT+0700 (Indochina Time)
[2022-07-05 21:20:27] [info] Get Vaccine by filter - End Time: Tue Jul 05 2022 21:20:27 GMT+0700 (Indochina Time)
[2022-07-05 21:20:27] [info] Get Vaccine by filter - Time Binding: 1475ms
[2022-07-05 21:20:48] [info] Get Vaccine by filter - Start Time: Tue Jul 05 2022 21:20:48 GMT+0700 (Indochina Time)
[2022-07-05 21:20:50] [info] Get Vaccine by filter - End Time: Tue Jul 05 2022 21:20:50 GMT+0700 (Indochina Time)
[2022-07-05 21:20:50] [info] Get Vaccine by filter - Time Binding: 1732ms
[2022-07-05 21:21:28] [info] Get Vaccine by filter - Start Time: Tue Jul 05 2022 21:21:28 GMT+0700 (Indochina Time)
[2022-07-05 21:21:30] [info] Get Vaccine by filter - End Time: Tue Jul 05 2022 21:21:30 GMT+0700 (Indochina Time)
[2022-07-05 21:21:30] [info] Get Vaccine by filter - Time Binding: 1508ms
[2022-07-05 21:22:33] [info] Get Vaccine by filter - Start Time: Tue Jul 05 2022 21:22:33 GMT+0700 (Indochina Time)
[2022-07-05 21:22:35] [info] Get Vaccine by filter - End Time: Tue Jul 05 2022 21:22:35 GMT+0700 (Indochina Time)
[2022-07-05 21:22:35] [info] Get Vaccine by filter - Time Binding: 1991ms
[2022-07-05 21:22:58] [info] Get Vaccine by filter - Start Time: Tue Jul 05 2022 21:22:58 GMT+0700 (Indochina Time)
[2022-07-05 21:22:59] [info] Get Vaccine by filter - End Time: Tue Jul 05 2022 21:22:59 GMT+0700 (Indochina Time)
[2022-07-05 21:22:59] [info] Get Vaccine by filter - Time Binding: 1487ms
[2022-07-05 21:23:02] [info] Get Vaccine by filter - Start Time: Tue Jul 05 2022 21:23:02 GMT+0700 (Indochina Time)
[2022-07-05 21:23:04] [info] Get Vaccine by filter - End Time: Tue Jul 05 2022 21:23:04 GMT+0700 (Indochina Time)
[2022-07-05 21:23:04] [info] Get Vaccine by filter - Time Binding: 1737ms
[2022-07-05 21:23:37] [info] Get Vaccine by filter - Start Time: Tue Jul 05 2022 21:23:37 GMT+0700 (Indochina Time)
[2022-07-05 21:23:38] [info] Get Vaccine by filter - End Time: Tue Jul 05 2022 21:23:38 GMT+0700 (Indochina Time)
[2022-07-05 21:23:38] [info] Get Vaccine by filter - Time Binding: 1490ms
[2022-07-05 21:23:55] [info] Get Vaccine by filter - Start Time: Tue Jul 05 2022 21:23:55 GMT+0700 (Indochina Time)
[2022-07-05 21:23:57] [info] Get Vaccine by filter - End Time: Tue Jul 05 2022 21:23:57 GMT+0700 (Indochina Time)
[2022-07-05 21:23:57] [info] Get Vaccine by filter - Time Binding: 1768ms
[2022-07-05 21:24:07] [info] Get Vaccine by filter - Start Time: Tue Jul 05 2022 21:24:07 GMT+0700 (Indochina Time)
[2022-07-05 21:24:09] [info] Get Vaccine by filter - End Time: Tue Jul 05 2022 21:24:09 GMT+0700 (Indochina Time)
[2022-07-05 21:24:09] [info] Get Vaccine by filter - Time Binding: 1530ms
[2022-07-05 21:24:20] [info] Get Vaccine by filter - Start Time: Tue Jul 05 2022 21:24:20 GMT+0700 (Indochina Time)
[2022-07-05 21:24:22] [info] Get Vaccine by filter - End Time: Tue Jul 05 2022 21:24:22 GMT+0700 (Indochina Time)
[2022-07-05 21:24:22] [info] Get Vaccine by filter - Time Binding: 1755ms
[2022-07-05 21:25:19] [info] Get Vaccine by filter - Start Time: Tue Jul 05 2022 21:25:19 GMT+0700 (Indochina Time)
[2022-07-05 21:25:21] [info] Get Vaccine by filter - End Time: Tue Jul 05 2022 21:25:21 GMT+0700 (Indochina Time)
[2022-07-05 21:25:21] [info] Get Vaccine by filter - Time Binding: 1480ms
[2022-07-05 21:26:31] [info] Get Vaccine by filter - Start Time: Tue Jul 05 2022 21:26:31 GMT+0700 (Indochina Time)
[2022-07-05 21:26:34] [info] Get Vaccine by filter - End Time: Tue Jul 05 2022 21:26:34 GMT+0700 (Indochina Time)
[2022-07-05 21:26:34] [info] Get Vaccine by filter - Time Binding: 2774ms
[2022-07-05 21:34:53] [info] Get Vaccine by filter - Start Time: Tue Jul 05 2022 21:34:53 GMT+0700 (Indochina Time)
[2022-07-05 21:34:55] [info] Get Vaccine by filter - End Time: Tue Jul 05 2022 21:34:55 GMT+0700 (Indochina Time)
[2022-07-05 21:34:55] [info] Get Vaccine by filter - Time Binding: 1702ms
[2022-07-05 21:34:55] [info] Get Vaccine by filter - Start Time: Tue Jul 05 2022 21:34:55 GMT+0700 (Indochina Time)
[2022-07-05 21:34:58] [info] Get Vaccine by filter - End Time: Tue Jul 05 2022 21:34:58 GMT+0700 (Indochina Time)
[2022-07-05 21:34:58] [info] Get Vaccine by filter - Time Binding: 2683ms
[2022-07-05 21:35:04] [info] Get Vaccine by filter - Start Time: Tue Jul 05 2022 21:35:04 GMT+0700 (Indochina Time)
[2022-07-05 21:35:05] [info] Get Vaccine by filter - End Time: Tue Jul 05 2022 21:35:05 GMT+0700 (Indochina Time)
[2022-07-05 21:35:05] [info] Get Vaccine by filter - Time Binding: 1628ms
[2022-07-05 21:35:39] [info] Get Vaccine by filter - Start Time: Tue Jul 05 2022 21:35:39 GMT+0700 (Indochina Time)
[2022-07-05 21:35:41] [info] Get Vaccine by filter - End Time: Tue Jul 05 2022 21:35:41 GMT+0700 (Indochina Time)
[2022-07-05 21:35:41] [info] Get Vaccine by filter - Time Binding: 2615ms
[2022-07-05 21:35:47] [info] Get Vaccine by filter - Start Time: Tue Jul 05 2022 21:35:47 GMT+0700 (Indochina Time)
[2022-07-05 21:35:48] [info] Get Vaccine by filter - End Time: Tue Jul 05 2022 21:35:48 GMT+0700 (Indochina Time)
[2022-07-05 21:35:48] [info] Get Vaccine by filter - Time Binding: 1635ms
[2022-07-05 21:35:59] [info] Get Vaccine by filter - Start Time: Tue Jul 05 2022 21:35:59 GMT+0700 (Indochina Time)
[2022-07-05 21:36:02] [info] Get Vaccine by filter - End Time: Tue Jul 05 2022 21:36:02 GMT+0700 (Indochina Time)
[2022-07-05 21:36:02] [info] Get Vaccine by filter - Time Binding: 2481ms
[2022-07-05 21:36:38] [info] Get Vaccine by filter - Start Time: Tue Jul 05 2022 21:36:38 GMT+0700 (Indochina Time)
[2022-07-05 21:36:40] [info] Get Vaccine by filter - End Time: Tue Jul 05 2022 21:36:40 GMT+0700 (Indochina Time)
[2022-07-05 21:36:40] [info] Get Vaccine by filter - Time Binding: 1576ms
[2022-07-05 21:36:54] [info] Get Vaccine by Id - Start Time: Tue Jul 05 2022 21:36:54 GMT+0700 (Indochina Time)
[2022-07-05 21:36:58] [info] Get Vaccine by filter - Start Time: Tue Jul 05 2022 21:36:58 GMT+0700 (Indochina Time)
[2022-07-05 21:37:01] [info] Get Vaccine by filter - End Time: Tue Jul 05 2022 21:37:01 GMT+0700 (Indochina Time)
[2022-07-05 21:37:01] [info] Get Vaccine by filter - Time Binding: 2509ms
[2022-07-05 21:42:46] [info] Get Vaccine by filter - Start Time: Tue Jul 05 2022 21:42:46 GMT+0700 (Indochina Time)
[2022-07-05 21:42:48] [info] Get Vaccine by filter - End Time: Tue Jul 05 2022 21:42:48 GMT+0700 (Indochina Time)
[2022-07-05 21:42:48] [info] Get Vaccine by filter - Time Binding: 1560ms
[2022-07-05 21:43:21] [info] Get Vaccine by filter - Start Time: Tue Jul 05 2022 21:43:21 GMT+0700 (Indochina Time)
[2022-07-05 21:43:23] [info] Get Vaccine by filter - End Time: Tue Jul 05 2022 21:43:23 GMT+0700 (Indochina Time)
[2022-07-05 21:43:23] [info] Get Vaccine by filter - Time Binding: 2204ms
[2022-07-05 21:43:40] [info] Get Vaccine by filter - Start Time: Tue Jul 05 2022 21:43:40 GMT+0700 (Indochina Time)
[2022-07-05 21:43:42] [info] Get Vaccine by filter - End Time: Tue Jul 05 2022 21:43:42 GMT+0700 (Indochina Time)
[2022-07-05 21:43:42] [info] Get Vaccine by filter - Time Binding: 1584ms
[2022-07-05 21:45:08] [info] Get Vaccine by filter - Start Time: Tue Jul 05 2022 21:45:08 GMT+0700 (Indochina Time)
[2022-07-05 21:45:10] [info] Get Vaccine by filter - End Time: Tue Jul 05 2022 21:45:10 GMT+0700 (Indochina Time)
[2022-07-05 21:45:10] [info] Get Vaccine by filter - Time Binding: 2542ms
[2022-07-05 21:45:19] [info] Get Vaccine by filter - Start Time: Tue Jul 05 2022 21:45:19 GMT+0700 (Indochina Time)
[2022-07-05 21:45:21] [info] Get Vaccine by filter - End Time: Tue Jul 05 2022 21:45:21 GMT+0700 (Indochina Time)
[2022-07-05 21:45:21] [info] Get Vaccine by filter - Time Binding: 1665ms
[2022-07-05 21:45:31] [info] Get Vaccine by filter - Start Time: Tue Jul 05 2022 21:45:31 GMT+0700 (Indochina Time)
[2022-07-05 21:45:33] [info] Get Vaccine by filter - End Time: Tue Jul 05 2022 21:45:33 GMT+0700 (Indochina Time)
[2022-07-05 21:45:33] [info] Get Vaccine by filter - Time Binding: 2255ms
[2022-07-05 21:45:36] [info] Get Vaccine by filter - Start Time: Tue Jul 05 2022 21:45:36 GMT+0700 (Indochina Time)
[2022-07-05 21:45:37] [info] Get Vaccine by filter - End Time: Tue Jul 05 2022 21:45:37 GMT+0700 (Indochina Time)
[2022-07-05 21:45:37] [info] Get Vaccine by filter - Time Binding: 1512ms
[2022-07-05 21:46:14] [info] Get Vaccine by filter - Start Time: Tue Jul 05 2022 21:46:14 GMT+0700 (Indochina Time)
[2022-07-05 21:46:16] [info] Get Vaccine by filter - End Time: Tue Jul 05 2022 21:46:16 GMT+0700 (Indochina Time)
[2022-07-05 21:46:16] [info] Get Vaccine by filter - Time Binding: 2361ms
[2022-07-05 21:48:05] [info] Get Vaccine by filter - Start Time: Tue Jul 05 2022 21:48:05 GMT+0700 (Indochina Time)
[2022-07-05 21:48:06] [info] Get Vaccine by filter - End Time: Tue Jul 05 2022 21:48:06 GMT+0700 (Indochina Time)
[2022-07-05 21:48:06] [info] Get Vaccine by filter - Time Binding: 1501ms
[2022-07-05 21:49:49] [info] Get Vaccine by filter - Start Time: Tue Jul 05 2022 21:49:49 GMT+0700 (Indochina Time)
[2022-07-05 21:49:51] [info] Get Vaccine by filter - End Time: Tue Jul 05 2022 21:49:51 GMT+0700 (Indochina Time)
[2022-07-05 21:49:51] [info] Get Vaccine by filter - Time Binding: 2175ms
[2022-07-05 22:00:23] [info] Get Vaccine by filter - Start Time: Tue Jul 05 2022 22:00:23 GMT+0700 (Indochina Time)
[2022-07-05 22:00:25] [info] Get Vaccine by filter - End Time: Tue Jul 05 2022 22:00:25 GMT+0700 (Indochina Time)
[2022-07-05 22:00:25] [info] Get Vaccine by filter - Time Binding: 2202ms
[2022-07-05 22:02:47] [info] Get Vaccine by filter - Start Time: Tue Jul 05 2022 22:02:47 GMT+0700 (Indochina Time)
[2022-07-05 22:02:49] [info] Get Vaccine by filter - End Time: Tue Jul 05 2022 22:02:49 GMT+0700 (Indochina Time)
[2022-07-05 22:02:49] [info] Get Vaccine by filter - Time Binding: 1489ms
[2022-07-05 22:03:04] [info] Get Vaccine by filter - Start Time: Tue Jul 05 2022 22:03:04 GMT+0700 (Indochina Time)
[2022-07-05 22:03:07] [info] Get Vaccine by filter - End Time: Tue Jul 05 2022 22:03:07 GMT+0700 (Indochina Time)
[2022-07-05 22:03:07] [info] Get Vaccine by filter - Time Binding: 2558ms
[2022-07-05 22:10:55] [info] Get Vaccine by filter - Start Time: Tue Jul 05 2022 22:10:55 GMT+0700 (Indochina Time)
[2022-07-05 22:10:57] [info] Get Vaccine by filter - End Time: Tue Jul 05 2022 22:10:57 GMT+0700 (Indochina Time)
[2022-07-05 22:10:57] [info] Get Vaccine by filter - Time Binding: 1570ms
[2022-07-05 22:11:50] [info] Get Vaccine by filter - Start Time: Tue Jul 05 2022 22:11:50 GMT+0700 (Indochina Time)
[2022-07-05 22:11:52] [info] Get Vaccine by filter - End Time: Tue Jul 05 2022 22:11:52 GMT+0700 (Indochina Time)
[2022-07-05 22:11:52] [info] Get Vaccine by filter - Time Binding: 2583ms
[2022-07-05 22:12:01] [info] Get Vaccine by Id - Start Time: Tue Jul 05 2022 22:12:01 GMT+0700 (Indochina Time)
[2022-07-05 22:12:03] [info] Get Vaccine by filter - Start Time: Tue Jul 05 2022 22:12:03 GMT+0700 (Indochina Time)
[2022-07-05 22:12:05] [info] Get Vaccine by filter - End Time: Tue Jul 05 2022 22:12:05 GMT+0700 (Indochina Time)
[2022-07-05 22:12:05] [info] Get Vaccine by filter - Time Binding: 2492ms
[2022-07-05 22:12:07] [info] Get Vaccine by Id - Start Time: Tue Jul 05 2022 22:12:07 GMT+0700 (Indochina Time)
[2022-07-05 22:12:13] [info] Get Vaccine by filter - Start Time: Tue Jul 05 2022 22:12:13 GMT+0700 (Indochina Time)
[2022-07-05 22:12:15] [info] Get Vaccine by filter - End Time: Tue Jul 05 2022 22:12:15 GMT+0700 (Indochina Time)
[2022-07-05 22:12:15] [info] Get Vaccine by filter - Time Binding: 1491ms
[2022-07-05 22:32:02] [info] Get Vaccine by filter - Start Time: Tue Jul 05 2022 22:32:02 GMT+0700 (Indochina Time)
[2022-07-05 22:32:04] [info] Get Vaccine by filter - End Time: Tue Jul 05 2022 22:32:04 GMT+0700 (Indochina Time)
[2022-07-05 22:32:04] [info] Get Vaccine by filter - Time Binding: 2242ms
[2022-07-05 22:32:16] [info] Get Vaccine by filter - Start Time: Tue Jul 05 2022 22:32:16 GMT+0700 (Indochina Time)
[2022-07-05 22:32:18] [info] Get Vaccine by filter - End Time: Tue Jul 05 2022 22:32:18 GMT+0700 (Indochina Time)
[2022-07-05 22:32:18] [info] Get Vaccine by filter - Time Binding: 2066ms
[2022-07-05 22:35:52] [info] Get Vaccine by Id - Start Time: Tue Jul 05 2022 22:35:52 GMT+0700 (Indochina Time)
[2022-07-05 22:35:55] [info] Get Vaccine by filter - Start Time: Tue Jul 05 2022 22:35:55 GMT+0700 (Indochina Time)
[2022-07-05 22:35:57] [info] Get Vaccine by filter - End Time: Tue Jul 05 2022 22:35:57 GMT+0700 (Indochina Time)
[2022-07-05 22:35:57] [info] Get Vaccine by filter - Time Binding: 2085ms
[2022-07-05 22:36:26] [info] Get Vaccine by Id - Start Time: Tue Jul 05 2022 22:36:26 GMT+0700 (Indochina Time)
[2022-07-05 22:36:32] [info] Get Vaccine by filter - Start Time: Tue Jul 05 2022 22:36:32 GMT+0700 (Indochina Time)
[2022-07-05 22:36:34] [info] Get Vaccine by filter - End Time: Tue Jul 05 2022 22:36:34 GMT+0700 (Indochina Time)
[2022-07-05 22:36:34] [info] Get Vaccine by filter - Time Binding: 2011ms
[2022-07-05 22:37:17] [info] Get Vaccine by Id - Start Time: Tue Jul 05 2022 22:37:17 GMT+0700 (Indochina Time)
[2022-07-05 22:37:19] [info] Get Vaccine by filter - Start Time: Tue Jul 05 2022 22:37:19 GMT+0700 (Indochina Time)
[2022-07-05 22:37:21] [info] Get Vaccine by filter - End Time: Tue Jul 05 2022 22:37:21 GMT+0700 (Indochina Time)
[2022-07-05 22:37:21] [info] Get Vaccine by filter - Time Binding: 1566ms
[2022-07-05 22:39:25] [info] Get Vaccine by Id - Start Time: Tue Jul 05 2022 22:39:25 GMT+0700 (Indochina Time)
[2022-07-05 22:39:27] [info] Get Vaccine by filter - Start Time: Tue Jul 05 2022 22:39:27 GMT+0700 (Indochina Time)
[2022-07-05 22:39:29] [info] Get Vaccine by filter - End Time: Tue Jul 05 2022 22:39:29 GMT+0700 (Indochina Time)
[2022-07-05 22:39:29] [info] Get Vaccine by filter - Time Binding: 2087ms
[2022-07-05 22:59:35] [info] Get Vaccine by filter - Start Time: Tue Jul 05 2022 22:59:35 GMT+0700 (Indochina Time)
[2022-07-05 22:59:37] [info] Get Vaccine by filter - End Time: Tue Jul 05 2022 22:59:37 GMT+0700 (Indochina Time)
[2022-07-05 22:59:37] [info] Get Vaccine by filter - Time Binding: 2081ms
[2022-07-05 22:59:49] [info] Get Vaccine by filter - Start Time: Tue Jul 05 2022 22:59:49 GMT+0700 (Indochina Time)
[2022-07-05 22:59:51] [info] Get Vaccine by filter - End Time: Tue Jul 05 2022 22:59:51 GMT+0700 (Indochina Time)
[2022-07-05 22:59:51] [info] Get Vaccine by filter - Time Binding: 2055ms
[2022-07-05 23:00:30] [info] Get Vaccine by filter - Start Time: Tue Jul 05 2022 23:00:30 GMT+0700 (Indochina Time)
[2022-07-05 23:00:32] [info] Get Vaccine by filter - End Time: Tue Jul 05 2022 23:00:32 GMT+0700 (Indochina Time)
[2022-07-05 23:00:32] [info] Get Vaccine by filter - Time Binding: 1637ms
[2022-07-05 23:00:34] [info] Get Vaccine by filter - Start Time: Tue Jul 05 2022 23:00:34 GMT+0700 (Indochina Time)
[2022-07-05 23:00:36] [info] Get Vaccine by filter - End Time: Tue Jul 05 2022 23:00:36 GMT+0700 (Indochina Time)
[2022-07-05 23:00:36] [info] Get Vaccine by filter - Time Binding: 1568ms
[2022-07-05 23:07:30] [info] Get Vaccine by filter - Start Time: Tue Jul 05 2022 23:07:30 GMT+0700 (Indochina Time)
[2022-07-05 23:07:32] [info] Get Vaccine by filter - End Time: Tue Jul 05 2022 23:07:32 GMT+0700 (Indochina Time)
[2022-07-05 23:07:32] [info] Get Vaccine by filter - Time Binding: 2043ms
[2022-07-05 23:10:08] [info] Get Vaccine by filter - Start Time: Tue Jul 05 2022 23:10:08 GMT+0700 (Indochina Time)
[2022-07-05 23:10:10] [info] Get Vaccine by filter - End Time: Tue Jul 05 2022 23:10:10 GMT+0700 (Indochina Time)
[2022-07-05 23:10:10] [info] Get Vaccine by filter - Time Binding: 1616ms
[2022-07-05 23:10:25] [info] Get Vaccine by filter - Start Time: Tue Jul 05 2022 23:10:25 GMT+0700 (Indochina Time)
[2022-07-05 23:10:27] [info] Get Vaccine by filter - End Time: Tue Jul 05 2022 23:10:27 GMT+0700 (Indochina Time)
[2022-07-05 23:10:27] [info] Get Vaccine by filter - Time Binding: 2006ms
[2022-07-05 23:10:48] [info] Get Vaccine by filter - Start Time: Tue Jul 05 2022 23:10:48 GMT+0700 (Indochina Time)
[2022-07-05 23:10:50] [info] Get Vaccine by filter - End Time: Tue Jul 05 2022 23:10:50 GMT+0700 (Indochina Time)
[2022-07-05 23:10:50] [info] Get Vaccine by filter - Time Binding: 2010ms
[2022-07-05 23:10:50] [info] Get Vaccine by filter redis - Start Time: Tue Jul 05 2022 23:10:50 GMT+0700 (Indochina Time)
[2022-07-05 23:10:50] [info] Get Vaccine by filter redis - End Time: Tue Jul 05 2022 23:10:50 GMT+0700 (Indochina Time)
[2022-07-05 23:10:50] [info] Get Vaccine by filter redis - Time Binding: 1ms
[2022-07-05 23:11:22] [info] Get Vaccine by filter - Start Time: Tue Jul 05 2022 23:11:22 GMT+0700 (Indochina Time)
[2022-07-05 23:11:23] [info] Get Vaccine by filter - End Time: Tue Jul 05 2022 23:11:23 GMT+0700 (Indochina Time)
[2022-07-05 23:11:23] [info] Get Vaccine by filter - Time Binding: 1868ms
[2022-07-05 23:11:24] [info] Get Vaccine by filter redis - Start Time: Tue Jul 05 2022 23:11:24 GMT+0700 (Indochina Time)
[2022-07-05 23:11:24] [info] Get Vaccine by filter redis - End Time: Tue Jul 05 2022 23:11:24 GMT+0700 (Indochina Time)
[2022-07-05 23:11:24] [info] Get Vaccine by filter redis - Time Binding: 1ms
[2022-07-05 23:13:00] [info] Get Vaccine by filter - Start Time: Tue Jul 05 2022 23:13:00 GMT+0700 (Indochina Time)
[2022-07-05 23:13:02] [info] Get Vaccine by filter - End Time: Tue Jul 05 2022 23:13:02 GMT+0700 (Indochina Time)
[2022-07-05 23:13:02] [info] Get Vaccine by filter - Time Binding: 1878ms
[2022-07-05 23:13:02] [info] Get Vaccine by filter redis - Start Time: Tue Jul 05 2022 23:13:02 GMT+0700 (Indochina Time)
[2022-07-05 23:13:02] [info] Get Vaccine by filter redis - End Time: Tue Jul 05 2022 23:13:02 GMT+0700 (Indochina Time)
[2022-07-05 23:13:02] [info] Get Vaccine by filter redis - Time Binding: 2ms
[2022-07-05 23:14:04] [info] Get Vaccine by filter - Start Time: Tue Jul 05 2022 23:14:04 GMT+0700 (Indochina Time)
[2022-07-05 23:14:06] [info] Get Vaccine by filter - End Time: Tue Jul 05 2022 23:14:06 GMT+0700 (Indochina Time)
[2022-07-05 23:14:06] [info] Get Vaccine by filter - Time Binding: 1590ms
[2022-07-05 23:14:06] [info] Get Vaccine by filter redis - Start Time: Tue Jul 05 2022 23:14:06 GMT+0700 (Indochina Time)
[2022-07-05 23:14:06] [info] Get Vaccine by filter redis - End Time: Tue Jul 05 2022 23:14:06 GMT+0700 (Indochina Time)
[2022-07-05 23:14:06] [info] Get Vaccine by filter redis - Time Binding: 2ms
[2022-07-05 23:15:14] [info] Get Vaccine by filter - Start Time: Tue Jul 05 2022 23:15:14 GMT+0700 (Indochina Time)
[2022-07-05 23:15:16] [info] Get Vaccine by filter - End Time: Tue Jul 05 2022 23:15:16 GMT+0700 (Indochina Time)
[2022-07-05 23:15:16] [info] Get Vaccine by filter - Time Binding: 2007ms
[2022-07-05 23:15:17] [info] Get Vaccine by filter redis - Start Time: Tue Jul 05 2022 23:15:17 GMT+0700 (Indochina Time)
[2022-07-05 23:15:17] [info] Get Vaccine by filter redis - End Time: Tue Jul 05 2022 23:15:17 GMT+0700 (Indochina Time)
[2022-07-05 23:15:17] [info] Get Vaccine by filter redis - Time Binding: 1ms
[2022-07-05 23:17:07] [info] Get Vaccine by filter - Start Time: Tue Jul 05 2022 23:17:07 GMT+0700 (Indochina Time)
[2022-07-05 23:17:11] [info] Get Vaccine by filter - End Time: Tue Jul 05 2022 23:17:11 GMT+0700 (Indochina Time)
[2022-07-05 23:17:11] [info] Get Vaccine by filter - Time Binding: 3616ms
[2022-07-05 23:17:11] [info] Get Vaccine by filter redis - Start Time: Tue Jul 05 2022 23:17:11 GMT+0700 (Indochina Time)
[2022-07-05 23:17:11] [info] Get Vaccine by filter redis - End Time: Tue Jul 05 2022 23:17:11 GMT+0700 (Indochina Time)
[2022-07-05 23:17:11] [info] Get Vaccine by filter redis - Time Binding: 1ms
[2022-07-05 23:17:35] [info] Get Vaccine by filter - Start Time: Tue Jul 05 2022 23:17:35 GMT+0700 (Indochina Time)
[2022-07-05 23:17:37] [info] Get Vaccine by filter - End Time: Tue Jul 05 2022 23:17:37 GMT+0700 (Indochina Time)
[2022-07-05 23:17:37] [info] Get Vaccine by filter - Time Binding: 2072ms
[2022-07-05 23:17:37] [info] Get Vaccine by filter redis - Start Time: Tue Jul 05 2022 23:17:37 GMT+0700 (Indochina Time)
[2022-07-05 23:17:37] [info] Get Vaccine by filter redis - End Time: Tue Jul 05 2022 23:17:37 GMT+0700 (Indochina Time)
[2022-07-05 23:17:37] [info] Get Vaccine by filter redis - Time Binding: 2ms
[2022-07-05 23:18:27] [info] Get Vaccine by filter - Start Time: Tue Jul 05 2022 23:18:27 GMT+0700 (Indochina Time)
[2022-07-05 23:18:29] [info] Get Vaccine by filter - End Time: Tue Jul 05 2022 23:18:29 GMT+0700 (Indochina Time)
[2022-07-05 23:18:29] [info] Get Vaccine by filter - Time Binding: 1532ms
[2022-07-05 23:18:29] [info] Get Vaccine by filter redis - Start Time: Tue Jul 05 2022 23:18:29 GMT+0700 (Indochina Time)
[2022-07-05 23:18:29] [info] Get Vaccine by filter redis - End Time: Tue Jul 05 2022 23:18:29 GMT+0700 (Indochina Time)
[2022-07-05 23:18:29] [info] Get Vaccine by filter redis - Time Binding: 1ms
[2022-07-05 23:19:08] [info] Get Vaccine by filter - Start Time: Tue Jul 05 2022 23:19:08 GMT+0700 (Indochina Time)
[2022-07-05 23:19:10] [info] Get Vaccine by filter - End Time: Tue Jul 05 2022 23:19:10 GMT+0700 (Indochina Time)
[2022-07-05 23:19:10] [info] Get Vaccine by filter - Time Binding: 2066ms
[2022-07-05 23:19:10] [info] Get Vaccine by filter redis - Start Time: Tue Jul 05 2022 23:19:10 GMT+0700 (Indochina Time)
[2022-07-05 23:19:10] [info] Get Vaccine by filter redis - End Time: Tue Jul 05 2022 23:19:10 GMT+0700 (Indochina Time)
[2022-07-05 23:19:10] [info] Get Vaccine by filter redis - Time Binding: 1ms
[2022-07-05 23:19:57] [info] Get Vaccine by filter - Start Time: Tue Jul 05 2022 23:19:57 GMT+0700 (Indochina Time)
[2022-07-05 23:19:59] [info] Get Vaccine by filter - End Time: Tue Jul 05 2022 23:19:59 GMT+0700 (Indochina Time)
[2022-07-05 23:19:59] [info] Get Vaccine by filter - Time Binding: 2169ms
[2022-07-05 23:19:59] [info] Get Vaccine by filter redis - Start Time: Tue Jul 05 2022 23:19:59 GMT+0700 (Indochina Time)
[2022-07-05 23:19:59] [info] Get Vaccine by filter redis - End Time: Tue Jul 05 2022 23:19:59 GMT+0700 (Indochina Time)
[2022-07-05 23:19:59] [info] Get Vaccine by filter redis - Time Binding: 2ms
[2022-07-05 23:20:36] [info] Get Vaccine by filter - Start Time: Tue Jul 05 2022 23:20:36 GMT+0700 (Indochina Time)
[2022-07-05 23:20:38] [info] Get Vaccine by filter - End Time: Tue Jul 05 2022 23:20:38 GMT+0700 (Indochina Time)
[2022-07-05 23:20:38] [info] Get Vaccine by filter - Time Binding: 2080ms
[2022-07-05 23:20:38] [info] Get Vaccine by filter redis - Start Time: Tue Jul 05 2022 23:20:38 GMT+0700 (Indochina Time)
[2022-07-05 23:20:38] [info] Get Vaccine by filter redis - End Time: Tue Jul 05 2022 23:20:38 GMT+0700 (Indochina Time)
[2022-07-05 23:20:38] [info] Get Vaccine by filter redis - Time Binding: 1ms
[2022-07-05 23:21:16] [info] Get Vaccine by filter - Start Time: Tue Jul 05 2022 23:21:16 GMT+0700 (Indochina Time)
[2022-07-05 23:21:18] [info] Get Vaccine by filter - End Time: Tue Jul 05 2022 23:21:18 GMT+0700 (Indochina Time)
[2022-07-05 23:21:18] [info] Get Vaccine by filter - Time Binding: 2359ms
[2022-07-05 23:21:18] [info] Get Vaccine by filter redis - Start Time: Tue Jul 05 2022 23:21:18 GMT+0700 (Indochina Time)
[2022-07-05 23:21:18] [info] Get Vaccine by filter redis - End Time: Tue Jul 05 2022 23:21:18 GMT+0700 (Indochina Time)
[2022-07-05 23:21:18] [info] Get Vaccine by filter redis - Time Binding: 6ms
[2022-07-05 23:22:24] [info] Get Vaccine by filter - Start Time: Tue Jul 05 2022 23:22:24 GMT+0700 (Indochina Time)
[2022-07-05 23:22:25] [info] Get Vaccine by filter - End Time: Tue Jul 05 2022 23:22:25 GMT+0700 (Indochina Time)
[2022-07-05 23:22:25] [info] Get Vaccine by filter - Time Binding: 1821ms
[2022-07-05 23:22:25] [info] Get Vaccine by filter redis - Start Time: Tue Jul 05 2022 23:22:25 GMT+0700 (Indochina Time)
[2022-07-05 23:22:25] [info] Get Vaccine by filter redis - End Time: Tue Jul 05 2022 23:22:25 GMT+0700 (Indochina Time)
[2022-07-05 23:22:25] [info] Get Vaccine by filter redis - Time Binding: 3ms
